Arguments: 
  /Users/sotatek/.nvm/versions/node/v16.4.0/bin/node /Users/sotatek/Learning/.yarn/releases/yarn-1.22.1.cjs init -Y

PATH: 
  /Users/sotatek/.nvm/versions/node/v16.4.0/bin:/Users/sotatek/Library/Python/3.8/bin/:/Users/sotatek/.local/share/solana/install/active_release/bin:/usr/local/bin/:/usr/local/bin/aptos/:/usr/local/bin:/usr/bin:/bin:/usr/sbin:/sbin/:/usr/local/bin/lvim:/usr/local/MacGPG2/bin:/Users/sotatek/.cargo/bin:/sbin:/Users/sotatek/.foundry/bin:/Users/sotatek/.local/bin:/usr/local/mysql/bin/

Yarn version: 
  1.22.1

Node version: 
  16.4.0

Platform: 
  darwin x64

Trace: 
  Error: canceled
      at Interface.<anonymous> (/Users/sotatek/Learning/.yarn/releases/yarn-1.22.1.cjs:131414:13)
      at Interface.emit (node:events:394:28)
      at Interface._ttyWrite (node:readline:1069:16)
      at ReadStream.onkeypress (node:readline:288:10)
      at ReadStream.emit (node:events:394:28)
      at emitKeys (node:internal/readline/utils:358:14)
      at emitKeys.next (<anonymous>)
      at ReadStream.onData (node:internal/readline/emitKeypressEvents:61:36)
      at ReadStream.emit (node:events:394:28)
      at addChunk (node:internal/streams/readable:312:12)

npm manifest: 
  No manifest

yarn manifest: 
  No manifest

Lockfile: 
  No lockfile
